{"level":"info","request_id":"e1a83f7f-7ad7-65ef-7873-52f12ac1e272","method":"POST","uri":"/","time":"2025-03-16T14:40:45+03:00","caller":"C:/Users/User81/Desktop/url-shut/internal/middlewars/middlewars.go:34","message":"Request started"}
{"level":"info","request_id":"e1a83f7f-7ad7-65ef-7873-52f12ac1e272","method":"POST","uri":"/","status":400,"duration":32.201,"time":"2025-03-16T14:40:45+03:00","caller":"C:/Users/User81/Desktop/url-shut/internal/middlewars/middlewars.go:55","message":"Request completed"}
{"level":"info","request_id":"654d64c8-f771-0f24-957f-5f9b46a0243b","method":"POST","uri":"/","time":"2025-03-16T14:41:05+03:00","caller":"C:/Users/User81/Desktop/url-shut/internal/middlewars/middlewars.go:34","message":"Request started"}
{"level":"info","request_id":"654d64c8-f771-0f24-957f-5f9b46a0243b","method":"POST","uri":"/","status":400,"duration":5.5684,"time":"2025-03-16T14:41:05+03:00","caller":"C:/Users/User81/Desktop/url-shut/internal/middlewars/middlewars.go:55","message":"Request completed"}
{"level":"info","request_id":"19ae027c-e50f-60cc-fa24-80899f0badb2","method":"POST","uri":"/","time":"2025-03-16T14:41:11+03:00","caller":"C:/Users/User81/Desktop/url-shut/internal/middlewars/middlewars.go:34","message":"Request started"}
{"level":"info","request_id":"19ae027c-e50f-60cc-fa24-80899f0badb2","method":"POST","uri":"/","status":400,"duration":0,"time":"2025-03-16T14:41:11+03:00","caller":"C:/Users/User81/Desktop/url-shut/internal/middlewars/middlewars.go:55","message":"Request completed"}
{"level":"info","request_id":"6a32c2af-e270-06de-5fed-acf86463d64e","method":"POST","uri":"/","time":"2025-03-16T14:41:46+03:00","caller":"C:/Users/User81/Desktop/url-shut/internal/middlewars/middlewars.go:34","message":"Request started"}
{"level":"info","request_id":"6a32c2af-e270-06de-5fed-acf86463d64e","method":"POST","uri":"/","status":400,"duration":19.101,"time":"2025-03-16T14:41:46+03:00","caller":"C:/Users/User81/Desktop/url-shut/internal/middlewars/middlewars.go:55","message":"Request completed"}
{"level":"info","request_id":"cc330ed8-4739-5673-c335-169b88b2ef31","method":"POST","uri":"/","time":"2025-03-16T14:42:23+03:00","caller":"C:/Users/User81/Desktop/url-shut/internal/middlewars/middlewars.go:34","message":"Request started"}
{"level":"info","request_id":"cc330ed8-4739-5673-c335-169b88b2ef31","method":"POST","uri":"/","status":400,"duration":0.5214,"time":"2025-03-16T14:42:23+03:00","caller":"C:/Users/User81/Desktop/url-shut/internal/middlewars/middlewars.go:55","message":"Request completed"}
{"level":"info","request_id":"d576113b-6306-c043-455f-eee372d7bf5e","method":"POST","uri":"/","time":"2025-03-16T14:43:15+03:00","caller":"C:/Users/User81/Desktop/url-shut/internal/middlewars/middlewars.go:34","message":"Request started"}
{"level":"info","request_id":"d576113b-6306-c043-455f-eee372d7bf5e","method":"POST","uri":"/","status":400,"repone":{},"duration":20.8637,"time":"2025-03-16T14:43:15+03:00","caller":"C:/Users/User81/Desktop/url-shut/internal/middlewars/middlewars.go:55","message":"Request completed"}
{"level":"info","request_id":"1f7339eb-fed6-e082-00f7-eb1bd214ae46","method":"POST","uri":"/","time":"2025-03-16T14:43:33+03:00","caller":"C:/Users/User81/Desktop/url-shut/internal/middlewars/middlewars.go:34","message":"Request started"}
{"level":"info","request_id":"1f7339eb-fed6-e082-00f7-eb1bd214ae46","method":"POST","uri":"/","status":400,"repone":{},"duration":0.5064,"time":"2025-03-16T14:43:33+03:00","caller":"C:/Users/User81/Desktop/url-shut/internal/middlewars/middlewars.go:55","message":"Request completed"}
{"level":"info","request_id":"5cf48708-156c-d9e4-028d-ad9461b02c21","method":"POST","uri":"/","time":"2025-03-16T14:43:45+03:00","caller":"C:/Users/User81/Desktop/url-shut/internal/middlewars/middlewars.go:34","message":"Request started"}
{"level":"info","request_id":"5cf48708-156c-d9e4-028d-ad9461b02c21","method":"POST","uri":"/","status":400,"repone":{},"duration":20.9462,"time":"2025-03-16T14:43:45+03:00","caller":"C:/Users/User81/Desktop/url-shut/internal/middlewars/middlewars.go:55","message":"Request completed"}
{"level":"info","request_id":"d7c9d165-f112-171e-b754-669469dfbae5","method":"POST","uri":"/","time":"2025-03-16T14:43:47+03:00","caller":"C:/Users/User81/Desktop/url-shut/internal/middlewars/middlewars.go:34","message":"Request started"}
{"level":"info","request_id":"d7c9d165-f112-171e-b754-669469dfbae5","method":"POST","uri":"/","status":400,"repone":{},"duration":0.5972,"time":"2025-03-16T14:43:47+03:00","caller":"C:/Users/User81/Desktop/url-shut/internal/middlewars/middlewars.go:55","message":"Request completed"}
{"level":"info","request_id":"d89eef18-945c-b488-1952-4377e995da3c","method":"POST","uri":"/","time":"2025-03-16T14:43:54+03:00","caller":"C:/Users/User81/Desktop/url-shut/internal/middlewars/middlewars.go:34","message":"Request started"}
{"level":"info","request_id":"d89eef18-945c-b488-1952-4377e995da3c","method":"POST","uri":"/","status":400,"repone":{},"duration":21.6282,"time":"2025-03-16T14:43:54+03:00","caller":"C:/Users/User81/Desktop/url-shut/internal/middlewars/middlewars.go:55","message":"Request completed"}
{"level":"info","request_id":"e205eca1-a7f5-455d-5e35-86479536a5ce","method":"POST","uri":"/","time":"2025-03-16T14:44:05+03:00","caller":"C:/Users/User81/Desktop/url-shut/internal/middlewars/middlewars.go:34","message":"Request started"}
{"level":"info","request_id":"e205eca1-a7f5-455d-5e35-86479536a5ce","method":"POST","uri":"/","status":400,"repone":{},"duration":20.8539,"time":"2025-03-16T14:44:05+03:00","caller":"C:/Users/User81/Desktop/url-shut/internal/middlewars/middlewars.go:55","message":"Request completed"}
{"level":"info","request_id":"546310ab-0b14-d79a-9917-90a111fb2741","method":"POST","uri":"/","time":"2025-03-16T14:44:14+03:00","caller":"C:/Users/User81/Desktop/url-shut/internal/middlewars/middlewars.go:34","message":"Request started"}
{"level":"info","request_id":"546310ab-0b14-d79a-9917-90a111fb2741","method":"POST","uri":"/","status":400,"repone":{},"duration":21.0434,"time":"2025-03-16T14:44:15+03:00","caller":"C:/Users/User81/Desktop/url-shut/internal/middlewars/middlewars.go:55","message":"Request completed"}
{"level":"info","request_id":"145d6b7d-2dfc-a596-3b8f-26ba9a96459c","method":"POST","uri":"/","time":"2025-03-16T14:44:24+03:00","caller":"C:/Users/User81/Desktop/url-shut/internal/middlewars/middlewars.go:34","message":"Request started"}
{"level":"info","request_id":"145d6b7d-2dfc-a596-3b8f-26ba9a96459c","method":"POST","uri":"/","status":201,"repone":{},"duration":0.5092,"time":"2025-03-16T14:44:24+03:00","caller":"C:/Users/User81/Desktop/url-shut/internal/middlewars/middlewars.go:55","message":"Request completed"}
{"level":"info","request_id":"7befddb5-7a73-a8ae-b9c5-8260e8dda128","method":"POST","uri":"/","time":"2025-03-16T14:44:38+03:00","caller":"C:/Users/User81/Desktop/url-shut/internal/middlewars/middlewars.go:34","message":"Request started"}
{"level":"info","request_id":"7befddb5-7a73-a8ae-b9c5-8260e8dda128","method":"POST","uri":"/","status":400,"repone":{},"duration":20.44,"time":"2025-03-16T14:44:38+03:00","caller":"C:/Users/User81/Desktop/url-shut/internal/middlewars/middlewars.go:55","message":"Request completed"}
{"level":"info","request_id":"b67a95b1-f5be-0656-aa7f-10070680249a","method":"POST","uri":"/","time":"2025-03-16T14:44:46+03:00","caller":"C:/Users/User81/Desktop/url-shut/internal/middlewars/middlewars.go:34","message":"Request started"}
{"level":"info","request_id":"b67a95b1-f5be-0656-aa7f-10070680249a","method":"POST","uri":"/","status":201,"repone":{},"duration":22.6961,"time":"2025-03-16T14:44:46+03:00","caller":"C:/Users/User81/Desktop/url-shut/internal/middlewars/middlewars.go:55","message":"Request completed"}
{"level":"info","request_id":"a0f3ee0d-1820-15a9-8578-d1c81222bd56","method":"POST","uri":"/","time":"2025-03-16T14:46:22+03:00","caller":"C:/Users/User81/Desktop/url-shut/internal/middlewars/middlewars.go:34","message":"Request started"}
{"level":"info","request_id":"a0f3ee0d-1820-15a9-8578-d1c81222bd56","method":"POST","uri":"/","status":201,"sizw":30,"duration":22.7548,"time":"2025-03-16T14:46:22+03:00","caller":"C:/Users/User81/Desktop/url-shut/internal/middlewars/middlewars.go:55","message":"Request completed"}
{"level":"info","request_id":"551fd215-1ffe-23d8-2928-44047da6e13f","method":"POST","uri":"/api/shorten","time":"2025-03-19T00:00:12+03:00","caller":"C:/Users/User81/Desktop/url-shut/internal/middlewars/middlewars.go:34","message":"Request started"}
{"level":"info","request_id":"551fd215-1ffe-23d8-2928-44047da6e13f","method":"POST","uri":"/api/shorten","status":201,"size":63,"duration":38.8779,"time":"2025-03-19T00:00:12+03:00","caller":"C:/Users/User81/Desktop/url-shut/internal/middlewars/middlewars.go:55","message":"Request completed"}
{"level":"info","request_id":"653fc3aa-1bc8-6446-537d-88a9d9af9d49","method":"POST","uri":"/api/shorten","time":"2025-03-19T00:00:49+03:00","caller":"C:/Users/User81/Desktop/url-shut/internal/middlewars/middlewars.go:34","message":"Request started"}
{"level":"info","request_id":"653fc3aa-1bc8-6446-537d-88a9d9af9d49","method":"POST","uri":"/api/shorten","status":201,"size":63,"duration":39.1717,"time":"2025-03-19T00:00:49+03:00","caller":"C:/Users/User81/Desktop/url-shut/internal/middlewars/middlewars.go:55","message":"Request completed"}
{"level":"info","request_id":"225031d5-f6ae-89b9-ead5-5103d69cd12a","method":"POST","uri":"/api/shorten","time":"2025-03-19T00:02:38+03:00","caller":"C:/Users/User81/Desktop/url-shut/internal/middlewars/middlewars.go:34","message":"Request started"}
{"level":"info","request_id":"225031d5-f6ae-89b9-ead5-5103d69cd12a","method":"POST","uri":"/api/shorten","status":201,"size":63,"duration":35.4119,"time":"2025-03-19T00:02:38+03:00","caller":"C:/Users/User81/Desktop/url-shut/internal/middlewars/middlewars.go:55","message":"Request completed"}
{"level":"info","request_id":"bcba4d01-8fdb-c094-8217-594d15eb3f80","method":"POST","uri":"/api/shorten","time":"2025-03-19T00:04:21+03:00","caller":"C:/Users/User81/Desktop/url-shut/internal/middlewars/middlewars.go:34","message":"Request started"}
{"level":"info","request_id":"bcba4d01-8fdb-c094-8217-594d15eb3f80","method":"POST","uri":"/api/shorten","status":201,"size":63,"duration":44.0672,"time":"2025-03-19T00:04:21+03:00","caller":"C:/Users/User81/Desktop/url-shut/internal/middlewars/middlewars.go:55","message":"Request completed"}
{"level":"info","request_id":"1841727e-c0df-f98d-74b9-39ef2a45cbf4","method":"POST","uri":"/api/shorten","time":"2025-03-19T00:05:01+03:00","caller":"C:/Users/User81/Desktop/url-shut/internal/middlewars/middlewars.go:34","message":"Request started"}
{"level":"info","request_id":"1841727e-c0df-f98d-74b9-39ef2a45cbf4","method":"POST","uri":"/api/shorten","status":201,"size":63,"duration":0.5481,"time":"2025-03-19T00:05:01+03:00","caller":"C:/Users/User81/Desktop/url-shut/internal/middlewars/middlewars.go:55","message":"Request completed"}
{"level":"info","request_id":"0d8b827c-4d57-05a9-4c53-4e5ed34d7331","method":"POST","uri":"/api/shorten","time":"2025-03-19T00:06:09+03:00","caller":"C:/Users/User81/Desktop/url-shut/internal/middlewars/middlewars.go:34","message":"Request started"}
{"level":"info","request_id":"0d8b827c-4d57-05a9-4c53-4e5ed34d7331","method":"POST","uri":"/api/shorten","status":201,"size":63,"duration":28.5276,"time":"2025-03-19T00:06:09+03:00","caller":"C:/Users/User81/Desktop/url-shut/internal/middlewars/middlewars.go:55","message":"Request completed"}
{"level":"info","request_id":"85b7bf6a-ca8d-7f71-ac6b-c02d0d9e83e9","method":"POST","uri":"/api/shorten","time":"2025-03-19T00:06:55+03:00","caller":"C:/Users/User81/Desktop/url-shut/internal/middlewars/middlewars.go:34","message":"Request started"}
{"level":"info","request_id":"85b7bf6a-ca8d-7f71-ac6b-c02d0d9e83e9","method":"POST","uri":"/api/shorten","status":201,"size":63,"duration":42.7512,"time":"2025-03-19T00:06:55+03:00","caller":"C:/Users/User81/Desktop/url-shut/internal/middlewars/middlewars.go:55","message":"Request completed"}
{"level":"info","request_id":"876fc51d-bd8a-e25d-744c-4b3452e7a7ea","method":"POST","uri":"/api/shorten","time":"2025-03-19T00:07:16+03:00","caller":"C:/Users/User81/Desktop/url-shut/internal/middlewars/middlewars.go:34","message":"Request started"}
{"level":"info","request_id":"876fc51d-bd8a-e25d-744c-4b3452e7a7ea","method":"POST","uri":"/api/shorten","status":201,"size":50,"duration":26.7753,"time":"2025-03-19T00:07:16+03:00","caller":"C:/Users/User81/Desktop/url-shut/internal/middlewars/middlewars.go:55","message":"Request completed"}
{"level":"info","request_id":"6d4b17ac-35a0-eea1-c8b6-8f85040edc6e","method":"POST","uri":"/api/shorten","time":"2025-03-19T00:07:57+03:00","caller":"C:/Users/User81/Desktop/url-shut/internal/middlewars/middlewars.go:34","message":"Request started"}
{"level":"info","request_id":"6d4b17ac-35a0-eea1-c8b6-8f85040edc6e","method":"POST","uri":"/api/shorten","status":201,"size":50,"duration":0.5093,"time":"2025-03-19T00:07:57+03:00","caller":"C:/Users/User81/Desktop/url-shut/internal/middlewars/middlewars.go:55","message":"Request completed"}
{"level":"info","request_id":"da5c922f-ff1b-f8e3-6f2c-87bc2b14c086","method":"POST","uri":"/api/shorten","time":"2025-03-19T00:08:57+03:00","caller":"C:/Users/User81/Desktop/url-shut/internal/middlewars/middlewars.go:34","message":"Request started"}
{"level":"info","request_id":"da5c922f-ff1b-f8e3-6f2c-87bc2b14c086","method":"POST","uri":"/api/shorten","status":201,"size":67,"duration":35.206,"time":"2025-03-19T00:08:57+03:00","caller":"C:/Users/User81/Desktop/url-shut/internal/middlewars/middlewars.go:55","message":"Request completed"}
{"level":"info","request_id":"a8049c9e-2135-eadd-0219-01dace38833a","method":"POST","uri":"/api/shorten","time":"2025-03-19T00:09:15+03:00","caller":"C:/Users/User81/Desktop/url-shut/internal/middlewars/middlewars.go:34","message":"Request started"}
{"level":"info","request_id":"a8049c9e-2135-eadd-0219-01dace38833a","method":"POST","uri":"/api/shorten","status":201,"size":57,"duration":35.9301,"time":"2025-03-19T00:09:15+03:00","caller":"C:/Users/User81/Desktop/url-shut/internal/middlewars/middlewars.go:55","message":"Request completed"}
{"level":"info","request_id":"b7409a2b-2f7e-2cf7-4963-917faf454555","method":"POST","uri":"/api/shorten","time":"2025-03-19T00:10:54+03:00","caller":"C:/Users/User81/Desktop/url-shut/internal/middlewars/middlewars.go:34","message":"Request started"}
{"level":"info","request_id":"b7409a2b-2f7e-2cf7-4963-917faf454555","method":"POST","uri":"/api/shorten","status":201,"size":44,"duration":40.2716,"time":"2025-03-19T00:10:54+03:00","caller":"C:/Users/User81/Desktop/url-shut/internal/middlewars/middlewars.go:55","message":"Request completed"}
